2023:03:27 20:13:50.271 INFO  --- [main] c.s.b.s.SpringbootApplication : Starting SpringbootApplication using Java 11.0.14 on soyoungui-MacBookPro.local with PID 25162 (/Users/sy_choi/IntelliJ-workspace/1_web/springboot/build/classes/java/main started by sy_choi in /Users/sy_choi/IntelliJ-workspace/1_web/springboot) 
2023:03:27 20:13:50.292 INFO  --- [main] c.s.b.s.SpringbootApplication : No active profile set, falling back to 1 default profile: "default" 
2023:03:27 20:13:51.612 WARN  --- [main] o.s.b.c.c.ConfigDataEnvironment : Property 'spring.profiles' imported from location 'class path resource [application.yml]' is invalid and should be replaced with 'spring.config.activate.on-profile' [origin: class path resource [application.yml] - 41:18] 
2023:03:27 20:13:51.612 WARN  --- [main] o.s.b.c.c.ConfigDataEnvironment : Property 'spring.profiles' imported from location 'class path resource [application.yml]' is invalid and should be replaced with 'spring.config.activate.on-profile' [origin: class path resource [application.yml] - 29:18] 
2023:03:27 20:13:51.613 WARN  --- [main] o.s.b.c.c.ConfigDataEnvironment : Property 'spring.profiles' imported from location 'class path resource [application.yml]' is invalid and should be replaced with 'spring.config.activate.on-profile' [origin: class path resource [application.yml] - 17:18] 
2023:03:27 20:13:52.374 INFO  --- [main] o.s.d.r.c.RepositoryConfigurationDelegate : Bootstrapping Spring Data JPA repositories in DEFAULT mode. 
2023:03:27 20:13:52.456 INFO  --- [main] o.s.d.r.c.RepositoryConfigurationDelegate : Finished Spring Data repository scanning in 69 ms. Found 1 JPA repository interfaces. 
2023:03:27 20:13:52.900 INFO  --- [main] o.s.c.s.PostProcessorRegistrationDelegate$BeanPostProcessorChecker : Bean 'org.springframework.ws.config.annotation.DelegatingWsConfiguration' of type [org.springframework.ws.config.annotation.DelegatingWsConfiguration$$EnhancerBySpringCGLIB$$93bcc960] is not eligible for getting processed by all BeanPostProcessors (for example: not eligible for auto-proxying) 
2023:03:27 20:13:52.938 INFO  --- [main] o.s.w.s.a.s.AnnotationActionEndpointMapping : Supporting [WS-Addressing August 2004, WS-Addressing 1.0] 
2023:03:27 20:13:53.444 INFO  --- [main] o.s.b.w.e.tomcat.TomcatWebServer : Tomcat initialized with port(s): 8080 (http) 
2023:03:27 20:13:53.451 INFO  --- [main] o.a.catalina.core.StandardService : Starting service [Tomcat] 
2023:03:27 20:13:53.452 INFO  --- [main] o.a.catalina.core.StandardEngine : Starting Servlet engine: [Apache Tomcat/9.0.71] 
2023:03:27 20:13:53.546 INFO  --- [main] o.a.c.c.C.[Tomcat].[localhost].[/] : Initializing Spring embedded WebApplicationContext 
2023:03:27 20:13:53.546 INFO  --- [main] o.s.b.w.s.c.ServletWebServerApplicationContext : Root WebApplicationContext: initialization completed in 1932 ms 
2023:03:27 20:13:53.821 INFO  --- [main] o.s.b.web.servlet.RegistrationBean : Filter webFilter was not registered (possibly already registered?) 
2023:03:27 20:13:53.862 WARN  --- [main] o.s.b.w.s.c.AnnotationConfigServletWebServerApplicationContext : Exception encountered during context initialization - cancelling refresh attempt: org.springframework.beans.factory.UnsatisfiedDependencyException: Error creating bean with name 'dataSourceScriptDatabaseInitializer' defined in class path resource [org/springframework/boot/autoconfigure/sql/init/DataSourceInitializationConfiguration.class]: Unsatisfied dependency expressed through method 'dataSourceScriptDatabaseInitializer' parameter 0; nested exception is org.springframework.beans.factory.BeanCreationException: Error creating bean with name 'dataSource' defined in class path resource [org/springframework/boot/autoconfigure/jdbc/DataSourceConfiguration$Hikari.class]: Bean instantiation via factory method failed; nested exception is org.springframework.beans.BeanInstantiationException: Failed to instantiate [com.zaxxer.hikari.HikariDataSource]: Factory method 'dataSource' threw exception; nested exception is org.springframework.boot.autoconfigure.jdbc.DataSourceProperties$DataSourceBeanCreationException: Failed to determine a suitable driver class 
2023:03:27 20:13:53.865 INFO  --- [main] o.a.catalina.core.StandardService : Stopping service [Tomcat] 
2023:03:27 20:13:53.880 INFO  --- [main] o.s.b.a.l.ConditionEvaluationReportLoggingListener : 

Error starting ApplicationContext. To display the conditions report re-run your application with 'debug' enabled. 
2023:03:27 20:13:53.891 ERROR --- [main] o.s.b.d.LoggingFailureAnalysisReporter : 

***************************
APPLICATION FAILED TO START
***************************

Description:

Failed to configure a DataSource: 'url' attribute is not specified and no embedded datasource could be configured.

Reason: Failed to determine a suitable driver class


Action:

Consider the following:
	If you want an embedded database (H2, HSQL or Derby), please put it on the classpath.
	If you have database settings to be loaded from a particular profile you may need to activate it (no profiles are currently active).
 
2023:03:27 20:16:12.156 INFO  --- [main] c.s.b.s.SpringbootApplication : Starting SpringbootApplication using Java 11.0.14 on soyoungui-MacBookPro.local with PID 25180 (/Users/sy_choi/IntelliJ-workspace/1_web/springboot/build/classes/java/main started by sy_choi in /Users/sy_choi/IntelliJ-workspace/1_web/springboot) 
2023:03:27 20:16:12.164 INFO  --- [main] c.s.b.s.SpringbootApplication : No active profile set, falling back to 1 default profile: "default" 
2023:03:27 20:16:14.431 INFO  --- [main] o.s.d.r.c.RepositoryConfigurationDelegate : Bootstrapping Spring Data JPA repositories in DEFAULT mode. 
2023:03:27 20:16:14.495 INFO  --- [main] o.s.d.r.c.RepositoryConfigurationDelegate : Finished Spring Data repository scanning in 58 ms. Found 1 JPA repository interfaces. 
2023:03:27 20:16:14.870 INFO  --- [main] o.s.c.s.PostProcessorRegistrationDelegate$BeanPostProcessorChecker : Bean 'org.springframework.ws.config.annotation.DelegatingWsConfiguration' of type [org.springframework.ws.config.annotation.DelegatingWsConfiguration$$EnhancerBySpringCGLIB$$5f964304] is not eligible for getting processed by all BeanPostProcessors (for example: not eligible for auto-proxying) 
2023:03:27 20:16:14.909 INFO  --- [main] o.s.w.s.a.s.AnnotationActionEndpointMapping : Supporting [WS-Addressing August 2004, WS-Addressing 1.0] 
2023:03:27 20:16:15.390 INFO  --- [main] o.s.b.w.e.tomcat.TomcatWebServer : Tomcat initialized with port(s): 8888 (http) 
2023:03:27 20:16:15.398 INFO  --- [main] o.a.catalina.core.StandardService : Starting service [Tomcat] 
2023:03:27 20:16:15.399 INFO  --- [main] o.a.catalina.core.StandardEngine : Starting Servlet engine: [Apache Tomcat/9.0.71] 
2023:03:27 20:16:15.493 INFO  --- [main] o.a.c.c.C.[Tomcat].[localhost].[/] : Initializing Spring embedded WebApplicationContext 
2023:03:27 20:16:15.494 INFO  --- [main] o.s.b.w.s.c.ServletWebServerApplicationContext : Root WebApplicationContext: initialization completed in 1727 ms 
2023:03:27 20:16:15.771 INFO  --- [main] o.s.b.web.servlet.RegistrationBean : Filter webFilter was not registered (possibly already registered?) 
2023:03:27 20:16:15.887 INFO  --- [main] o.h.jpa.internal.util.LogHelper : HHH000204: Processing PersistenceUnitInfo [name: default] 
2023:03:27 20:16:15.910 INFO  --- [main] org.hibernate.Version : HHH000412: Hibernate ORM core version 5.6.14.Final 
2023:03:27 20:16:15.988 INFO  --- [main] o.h.annotations.common.Version : HCANN000001: Hibernate Commons Annotations {5.1.2.Final} 
2023:03:27 20:16:16.052 INFO  --- [main] com.zaxxer.hikari.HikariDataSource : HikariPool-1 - Starting... 
2023:03:27 20:16:27.321 INFO  --- [main] com.zaxxer.hikari.HikariDataSource : HikariPool-1 - Start completed. 
2023:03:27 20:16:27.340 INFO  --- [main] org.hibernate.dialect.Dialect : HHH000400: Using dialect: org.hibernate.dialect.MariaDB106Dialect 
2023:03:27 20:16:27.895 INFO  --- [main] o.h.e.t.j.p.i.JtaPlatformInitiator : HHH000490: Using JtaPlatform implementation: [org.hibernate.engine.transaction.jta.platform.internal.NoJtaPlatform] 
2023:03:27 20:16:27.905 INFO  --- [main] o.s.o.j.LocalContainerEntityManagerFactoryBean : Initialized JPA EntityManagerFactory for persistence unit 'default' 
2023:03:27 20:16:29.312 INFO  --- [main] o.s.b.w.e.tomcat.TomcatWebServer : Tomcat started on port(s): 8888 (http) with context path '' 
2023:03:27 20:16:29.330 INFO  --- [main] c.s.b.s.SpringbootApplication : Started SpringbootApplication in 17.737 seconds (JVM running for 18.603) 
2023:03:27 20:19:01.184 INFO  --- [SpringApplicationShutdownHook] o.s.o.j.LocalContainerEntityManagerFactoryBean : Closing JPA EntityManagerFactory for persistence unit 'default' 
2023:03:27 20:19:01.190 INFO  --- [SpringApplicationShutdownHook] com.zaxxer.hikari.HikariDataSource : HikariPool-1 - Shutdown initiated... 
2023:03:27 20:19:01.236 INFO  --- [SpringApplicationShutdownHook] com.zaxxer.hikari.HikariDataSource : HikariPool-1 - Shutdown completed. 
2023:03:27 20:19:58.353 INFO  --- [main] c.s.b.s.SpringbootApplication : Starting SpringbootApplication using Java 11.0.14 on soyoungui-MacBookPro.local with PID 25211 (/Users/sy_choi/IntelliJ-workspace/1_web/springboot/build/classes/java/main started by sy_choi in /Users/sy_choi/IntelliJ-workspace/1_web/springboot) 
2023:03:27 20:19:58.359 INFO  --- [main] c.s.b.s.SpringbootApplication : No active profile set, falling back to 1 default profile: "default" 
2023:03:27 20:20:00.543 INFO  --- [main] o.s.d.r.c.RepositoryConfigurationDelegate : Bootstrapping Spring Data JPA repositories in DEFAULT mode. 
2023:03:27 20:20:00.598 INFO  --- [main] o.s.d.r.c.RepositoryConfigurationDelegate : Finished Spring Data repository scanning in 50 ms. Found 1 JPA repository interfaces. 
2023:03:27 20:20:00.970 INFO  --- [main] o.s.c.s.PostProcessorRegistrationDelegate$BeanPostProcessorChecker : Bean 'org.springframework.ws.config.annotation.DelegatingWsConfiguration' of type [org.springframework.ws.config.annotation.DelegatingWsConfiguration$$EnhancerBySpringCGLIB$$4826e0d1] is not eligible for getting processed by all BeanPostProcessors (for example: not eligible for auto-proxying) 
2023:03:27 20:20:01.007 INFO  --- [main] o.s.w.s.a.s.AnnotationActionEndpointMapping : Supporting [WS-Addressing August 2004, WS-Addressing 1.0] 
2023:03:27 20:20:01.463 INFO  --- [main] o.s.b.w.e.tomcat.TomcatWebServer : Tomcat initialized with port(s): 8888 (http) 
2023:03:27 20:20:01.470 INFO  --- [main] o.a.catalina.core.StandardService : Starting service [Tomcat] 
2023:03:27 20:20:01.470 INFO  --- [main] o.a.catalina.core.StandardEngine : Starting Servlet engine: [Apache Tomcat/9.0.71] 
2023:03:27 20:20:01.559 INFO  --- [main] o.a.c.c.C.[Tomcat].[localhost].[/] : Initializing Spring embedded WebApplicationContext 
2023:03:27 20:20:01.561 INFO  --- [main] o.s.b.w.s.c.ServletWebServerApplicationContext : Root WebApplicationContext: initialization completed in 1693 ms 
2023:03:27 20:20:01.821 INFO  --- [main] o.s.b.web.servlet.RegistrationBean : Filter webFilter was not registered (possibly already registered?) 
2023:03:27 20:20:01.936 INFO  --- [main] o.h.jpa.internal.util.LogHelper : HHH000204: Processing PersistenceUnitInfo [name: default] 
2023:03:27 20:20:01.957 INFO  --- [main] org.hibernate.Version : HHH000412: Hibernate ORM core version 5.6.14.Final 
2023:03:27 20:20:02.029 INFO  --- [main] o.h.annotations.common.Version : HCANN000001: Hibernate Commons Annotations {5.1.2.Final} 
2023:03:27 20:20:02.091 INFO  --- [main] com.zaxxer.hikari.HikariDataSource : HikariPool-1 - Starting... 
2023:03:27 20:20:02.350 INFO  --- [main] com.zaxxer.hikari.HikariDataSource : HikariPool-1 - Start completed. 
2023:03:27 20:20:02.364 INFO  --- [main] org.hibernate.dialect.Dialect : HHH000400: Using dialect: org.hibernate.dialect.MariaDB106Dialect 
2023:03:27 20:20:02.771 INFO  --- [main] o.h.e.t.j.p.i.JtaPlatformInitiator : HHH000490: Using JtaPlatform implementation: [org.hibernate.engine.transaction.jta.platform.internal.NoJtaPlatform] 
2023:03:27 20:20:02.776 INFO  --- [main] o.s.o.j.LocalContainerEntityManagerFactoryBean : Initialized JPA EntityManagerFactory for persistence unit 'default' 
2023:03:27 20:20:04.118 INFO  --- [main] o.s.b.w.e.tomcat.TomcatWebServer : Tomcat started on port(s): 8888 (http) with context path '' 
2023:03:27 20:20:04.132 INFO  --- [main] c.s.b.s.SpringbootApplication : Started SpringbootApplication in 6.372 seconds (JVM running for 7.051) 
2023:03:27 20:20:54.452 INFO  --- [SpringApplicationShutdownHook] o.s.o.j.LocalContainerEntityManagerFactoryBean : Closing JPA EntityManagerFactory for persistence unit 'default' 
2023:03:27 20:20:54.458 INFO  --- [SpringApplicationShutdownHook] com.zaxxer.hikari.HikariDataSource : HikariPool-1 - Shutdown initiated... 
2023:03:27 20:20:54.503 INFO  --- [SpringApplicationShutdownHook] com.zaxxer.hikari.HikariDataSource : HikariPool-1 - Shutdown completed. 
2023:03:27 20:20:57.004 INFO  --- [main] c.s.b.s.SpringbootApplication : Starting SpringbootApplication using Java 11.0.14 on soyoungui-MacBookPro.local with PID 25217 (/Users/sy_choi/IntelliJ-workspace/1_web/springboot/build/classes/java/main started by sy_choi in /Users/sy_choi/IntelliJ-workspace/1_web/springboot) 
2023:03:27 20:20:57.009 INFO  --- [main] c.s.b.s.SpringbootApplication : No active profile set, falling back to 1 default profile: "default" 
2023:03:27 20:20:58.942 INFO  --- [main] o.s.d.r.c.RepositoryConfigurationDelegate : Bootstrapping Spring Data JPA repositories in DEFAULT mode. 
2023:03:27 20:20:59.004 INFO  --- [main] o.s.d.r.c.RepositoryConfigurationDelegate : Finished Spring Data repository scanning in 54 ms. Found 1 JPA repository interfaces. 
2023:03:27 20:20:59.374 INFO  --- [main] o.s.c.s.PostProcessorRegistrationDelegate$BeanPostProcessorChecker : Bean 'org.springframework.ws.config.annotation.DelegatingWsConfiguration' of type [org.springframework.ws.config.annotation.DelegatingWsConfiguration$$EnhancerBySpringCGLIB$$d2d06e51] is not eligible for getting processed by all BeanPostProcessors (for example: not eligible for auto-proxying) 
2023:03:27 20:20:59.408 INFO  --- [main] o.s.w.s.a.s.AnnotationActionEndpointMapping : Supporting [WS-Addressing August 2004, WS-Addressing 1.0] 
2023:03:27 20:20:59.841 INFO  --- [main] o.s.b.w.e.tomcat.TomcatWebServer : Tomcat initialized with port(s): 8888 (http) 
2023:03:27 20:20:59.849 INFO  --- [main] o.a.catalina.core.StandardService : Starting service [Tomcat] 
2023:03:27 20:20:59.849 INFO  --- [main] o.a.catalina.core.StandardEngine : Starting Servlet engine: [Apache Tomcat/9.0.71] 
2023:03:27 20:20:59.928 INFO  --- [main] o.a.c.c.C.[Tomcat].[localhost].[/] : Initializing Spring embedded WebApplicationContext 
2023:03:27 20:20:59.930 INFO  --- [main] o.s.b.w.s.c.ServletWebServerApplicationContext : Root WebApplicationContext: initialization completed in 1632 ms 
2023:03:27 20:21:00.195 INFO  --- [main] o.s.b.web.servlet.RegistrationBean : Filter webFilter was not registered (possibly already registered?) 
2023:03:27 20:21:00.303 INFO  --- [main] o.h.jpa.internal.util.LogHelper : HHH000204: Processing PersistenceUnitInfo [name: default] 
2023:03:27 20:21:00.321 INFO  --- [main] org.hibernate.Version : HHH000412: Hibernate ORM core version 5.6.14.Final 
2023:03:27 20:21:00.391 INFO  --- [main] o.h.annotations.common.Version : HCANN000001: Hibernate Commons Annotations {5.1.2.Final} 
2023:03:27 20:21:00.449 INFO  --- [main] com.zaxxer.hikari.HikariDataSource : HikariPool-1 - Starting... 
2023:03:27 20:21:00.835 INFO  --- [main] com.zaxxer.hikari.HikariDataSource : HikariPool-1 - Start completed. 
2023:03:27 20:21:00.850 INFO  --- [main] org.hibernate.dialect.Dialect : HHH000400: Using dialect: org.hibernate.dialect.MariaDB106Dialect 
2023:03:27 20:21:01.377 INFO  --- [main] o.h.e.t.j.p.i.JtaPlatformInitiator : HHH000490: Using JtaPlatform implementation: [org.hibernate.engine.transaction.jta.platform.internal.NoJtaPlatform] 
2023:03:27 20:21:01.386 INFO  --- [main] o.s.o.j.LocalContainerEntityManagerFactoryBean : Initialized JPA EntityManagerFactory for persistence unit 'default' 
2023:03:27 20:21:02.764 INFO  --- [main] o.s.b.w.e.tomcat.TomcatWebServer : Tomcat started on port(s): 8888 (http) with context path '' 
2023:03:27 20:21:02.780 INFO  --- [main] c.s.b.s.SpringbootApplication : Started SpringbootApplication in 6.343 seconds (JVM running for 7.012) 
2023:03:27 20:21:14.648 INFO  --- [http-nio-8888-exec-1] o.a.c.c.C.[Tomcat].[localhost].[/] : Initializing Spring DispatcherServlet 'dispatcherServlet' 
2023:03:27 20:21:14.651 INFO  --- [http-nio-8888-exec-1] o.s.web.servlet.DispatcherServlet : Initializing Servlet 'dispatcherServlet' 
2023:03:27 20:21:14.652 INFO  --- [http-nio-8888-exec-1] o.s.web.servlet.DispatcherServlet : Completed initialization in 1 ms 
2023:03:27 20:21:14.686 INFO  --- [http-nio-8888-exec-1] c.s.b.s.logging.LoggingController : info log = spring boot logging test 
2023:03:27 20:21:14.686 WARN  --- [http-nio-8888-exec-1] c.s.b.s.logging.LoggingController : warn log = spring boot logging test 
2023:03:27 20:21:14.686 ERROR --- [http-nio-8888-exec-1] c.s.b.s.logging.LoggingController : error log = spring boot logging test 
2023:03:27 20:21:14.689 ERROR --- [http-nio-8888-exec-1] c.s.b.s.e.a.GlobalExceptionHandler : handleEntityNotFoundException 
java.lang.NullPointerException: null
	at com.spring.boot.springboot.logging.LoggingController.logging(LoggingController.java:28)
	at com.spring.boot.springboot.logging.LoggingController$$FastClassBySpringCGLIB$$ff70c465.invoke(<generated>)
	at org.springframework.cglib.proxy.MethodProxy.invoke(MethodProxy.java:218)
	at org.springframework.aop.framework.CglibAopProxy$CglibMethodInvocation.invokeJoinpoint(CglibAopProxy.java:793)
	at org.springframework.aop.framework.ReflectiveMethodInvocation.proceed(ReflectiveMethodInvocation.java:163)
	at org.springframework.aop.framework.CglibAopProxy$CglibMethodInvocation.proceed(CglibAopProxy.java:763)
	at org.springframework.aop.aspectj.AspectJAfterAdvice.invoke(AspectJAfterAdvice.java:49)
	at org.springframework.aop.framework.ReflectiveMethodInvocation.proceed(ReflectiveMethodInvocation.java:186)
	at org.springframework.aop.framework.CglibAopProxy$CglibMethodInvocation.proceed(CglibAopProxy.java:763)
	at org.springframework.aop.framework.adapter.MethodBeforeAdviceInterceptor.invoke(MethodBeforeAdviceInterceptor.java:58)
	at org.springframework.aop.framework.ReflectiveMethodInvocation.proceed(ReflectiveMethodInvocation.java:186)
	at org.springframework.aop.framework.CglibAopProxy$CglibMethodInvocation.proceed(CglibAopProxy.java:763)
	at org.springframework.aop.interceptor.ExposeInvocationInterceptor.invoke(ExposeInvocationInterceptor.java:97)
	at org.springframework.aop.framework.ReflectiveMethodInvocation.proceed(ReflectiveMethodInvocation.java:186)
	at org.springframework.aop.framework.CglibAopProxy$CglibMethodInvocation.proceed(CglibAopProxy.java:763)
	at org.springframework.aop.framework.CglibAopProxy$DynamicAdvisedInterceptor.intercept(CglibAopProxy.java:708)
	at com.spring.boot.springboot.logging.LoggingController$$EnhancerBySpringCGLIB$$8a0f348f.logging(<generated>)
	at java.base/jdk.internal.reflect.NativeMethodAccessorImpl.invoke0(Native Method)
	at java.base/jdk.internal.reflect.NativeMethodAccessorImpl.invoke(NativeMethodAccessorImpl.java:62)
	at java.base/jdk.internal.reflect.DelegatingMethodAccessorImpl.invoke(DelegatingMethodAccessorImpl.java:43)
	at java.base/java.lang.reflect.Method.invoke(Method.java:566)
	at org.springframework.web.method.support.InvocableHandlerMethod.doInvoke(InvocableHandlerMethod.java:205)
	at org.springframework.web.method.support.InvocableHandlerMethod.invokeForRequest(InvocableHandlerMethod.java:150)
	at org.springframework.web.servlet.mvc.method.annotation.ServletInvocableHandlerMethod.invokeAndHandle(ServletInvocableHandlerMethod.java:117)
	at org.springframework.web.servlet.mvc.method.annotation.RequestMappingHandlerAdapter.invokeHandlerMethod(RequestMappingHandlerAdapter.java:895)
	at org.springframework.web.servlet.mvc.method.annotation.RequestMappingHandlerAdapter.handleInternal(RequestMappingHandlerAdapter.java:808)
	at org.springframework.web.servlet.mvc.method.AbstractHandlerMethodAdapter.handle(AbstractHandlerMethodAdapter.java:87)
	at org.springframework.web.servlet.DispatcherServlet.doDispatch(DispatcherServlet.java:1071)
	at org.springframework.web.servlet.DispatcherServlet.doService(DispatcherServlet.java:964)
	at org.springframework.web.servlet.FrameworkServlet.processRequest(FrameworkServlet.java:1006)
	at org.springframework.web.servlet.FrameworkServlet.doGet(FrameworkServlet.java:898)
	at javax.servlet.http.HttpServlet.service(HttpServlet.java:670)
	at org.springframework.web.servlet.FrameworkServlet.service(FrameworkServlet.java:883)
	at javax.servlet.http.HttpServlet.service(HttpServlet.java:779)
	at org.apache.catalina.core.ApplicationFilterChain.internalDoFilter(ApplicationFilterChain.java:227)
	at org.apache.catalina.core.ApplicationFilterChain.doFilter(ApplicationFilterChain.java:162)
	at org.apache.tomcat.websocket.server.WsFilter.doFilter(WsFilter.java:53)
	at org.apache.catalina.core.ApplicationFilterChain.internalDoFilter(ApplicationFilterChain.java:189)
	at org.apache.catalina.core.ApplicationFilterChain.doFilter(ApplicationFilterChain.java:162)
	at com.navercorp.lucy.security.xss.servletfilter.XssEscapeServletFilter.doFilter(XssEscapeServletFilter.java:36)
	at org.apache.catalina.core.ApplicationFilterChain.internalDoFilter(ApplicationFilterChain.java:189)
	at org.apache.catalina.core.ApplicationFilterChain.doFilter(ApplicationFilterChain.java:162)
	at org.springframework.web.filter.RequestContextFilter.doFilterInternal(RequestContextFilter.java:100)
	at org.springframework.web.filter.OncePerRequestFilter.doFilter(OncePerRequestFilter.java:117)
	at org.apache.catalina.core.ApplicationFilterChain.internalDoFilter(ApplicationFilterChain.java:189)
	at org.apache.catalina.core.ApplicationFilterChain.doFilter(ApplicationFilterChain.java:162)
	at org.springframework.web.filter.FormContentFilter.doFilterInternal(FormContentFilter.java:93)
	at org.springframework.web.filter.OncePerRequestFilter.doFilter(OncePerRequestFilter.java:117)
	at org.apache.catalina.core.ApplicationFilterChain.internalDoFilter(ApplicationFilterChain.java:189)
	at org.apache.catalina.core.ApplicationFilterChain.doFilter(ApplicationFilterChain.java:162)
	at org.springframework.web.filter.CharacterEncodingFilter.doFilterInternal(CharacterEncodingFilter.java:201)
	at org.springframework.web.filter.OncePerRequestFilter.doFilter(OncePerRequestFilter.java:117)
	at org.apache.catalina.core.ApplicationFilterChain.internalDoFilter(ApplicationFilterChain.java:189)
	at org.apache.catalina.core.ApplicationFilterChain.doFilter(ApplicationFilterChain.java:162)
	at com.spring.boot.springboot.filter.CorsFilter.doFilter(CorsFilter.java:36)
	at com.spring.boot.springboot.filter.CorsFilter$$FastClassBySpringCGLIB$$4673ffd4.invoke(<generated>)
	at org.springframework.cglib.proxy.MethodProxy.invoke(MethodProxy.java:218)
	at org.springframework.aop.framework.CglibAopProxy$CglibMethodInvocation.invokeJoinpoint(CglibAopProxy.java:793)
	at org.springframework.aop.framework.ReflectiveMethodInvocation.proceed(ReflectiveMethodInvocation.java:163)
	at org.springframework.aop.framework.CglibAopProxy$CglibMethodInvocation.proceed(CglibAopProxy.java:763)
	at org.springframework.aop.aspectj.AspectJAfterAdvice.invoke(AspectJAfterAdvice.java:49)
	at org.springframework.aop.framework.ReflectiveMethodInvocation.proceed(ReflectiveMethodInvocation.java:186)
	at org.springframework.aop.framework.CglibAopProxy$CglibMethodInvocation.proceed(CglibAopProxy.java:763)
	at org.springframework.aop.interceptor.ExposeInvocationInterceptor.invoke(ExposeInvocationInterceptor.java:97)
	at org.springframework.aop.framework.ReflectiveMethodInvocation.proceed(ReflectiveMethodInvocation.java:186)
	at org.springframework.aop.framework.CglibAopProxy$CglibMethodInvocation.proceed(CglibAopProxy.java:763)
	at org.springframework.aop.framework.CglibAopProxy$DynamicAdvisedInterceptor.intercept(CglibAopProxy.java:708)
	at com.spring.boot.springboot.filter.CorsFilter$$EnhancerBySpringCGLIB$$da453817.doFilter(<generated>)
	at org.apache.catalina.core.ApplicationFilterChain.internalDoFilter(ApplicationFilterChain.java:189)
	at org.apache.catalina.core.ApplicationFilterChain.doFilter(ApplicationFilterChain.java:162)
	at org.apache.catalina.core.StandardWrapperValve.invoke(StandardWrapperValve.java:177)
	at org.apache.catalina.core.StandardContextValve.invoke(StandardContextValve.java:97)
	at org.apache.catalina.authenticator.AuthenticatorBase.invoke(AuthenticatorBase.java:541)
	at org.apache.catalina.core.StandardHostValve.invoke(StandardHostValve.java:135)
	at org.apache.catalina.valves.ErrorReportValve.invoke(ErrorReportValve.java:92)
	at org.apache.catalina.core.StandardEngineValve.invoke(StandardEngineValve.java:78)
	at org.apache.catalina.connector.CoyoteAdapter.service(CoyoteAdapter.java:360)
	at org.apache.coyote.http11.Http11Processor.service(Http11Processor.java:399)
	at org.apache.coyote.AbstractProcessorLight.process(AbstractProcessorLight.java:65)
	at org.apache.coyote.AbstractProtocol$ConnectionHandler.process(AbstractProtocol.java:891)
	at org.apache.tomcat.util.net.NioEndpoint$SocketProcessor.doRun(NioEndpoint.java:1784)
	at org.apache.tomcat.util.net.SocketProcessorBase.run(SocketProcessorBase.java:49)
	at org.apache.tomcat.util.threads.ThreadPoolExecutor.runWorker(ThreadPoolExecutor.java:1191)
	at org.apache.tomcat.util.threads.ThreadPoolExecutor$Worker.run(ThreadPoolExecutor.java:659)
	at org.apache.tomcat.util.threads.TaskThread$WrappingRunnable.run(TaskThread.java:61)
	at java.base/java.lang.Thread.run(Thread.java:834)
2023:03:27 20:21:14.804 ERROR --- [http-nio-8888-exec-2] c.s.b.s.e.c.CustomErrorController : error 
2023:03:27 20:21:41.407 INFO  --- [SpringApplicationShutdownHook] o.s.o.j.LocalContainerEntityManagerFactoryBean : Closing JPA EntityManagerFactory for persistence unit 'default' 
2023:03:27 20:21:41.411 INFO  --- [SpringApplicationShutdownHook] com.zaxxer.hikari.HikariDataSource : HikariPool-1 - Shutdown initiated... 
2023:03:27 20:21:41.456 INFO  --- [SpringApplicationShutdownHook] com.zaxxer.hikari.HikariDataSource : HikariPool-1 - Shutdown completed. 
2023:03:27 20:21:45.674 INFO  --- [main] c.s.b.s.SpringbootApplication : Starting SpringbootApplication using Java 11.0.14 on soyoungui-MacBookPro.local with PID 25232 (/Users/sy_choi/IntelliJ-workspace/1_web/springboot/build/classes/java/main started by sy_choi in /Users/sy_choi/IntelliJ-workspace/1_web/springboot) 
2023:03:27 20:21:45.678 INFO  --- [main] c.s.b.s.SpringbootApplication : No active profile set, falling back to 1 default profile: "default" 
2023:03:27 20:21:47.928 INFO  --- [main] o.s.d.r.c.RepositoryConfigurationDelegate : Bootstrapping Spring Data JPA repositories in DEFAULT mode. 
2023:03:27 20:21:47.985 INFO  --- [main] o.s.d.r.c.RepositoryConfigurationDelegate : Finished Spring Data repository scanning in 52 ms. Found 1 JPA repository interfaces. 
2023:03:27 20:21:48.371 INFO  --- [main] o.s.c.s.PostProcessorRegistrationDelegate$BeanPostProcessorChecker : Bean 'org.springframework.ws.config.annotation.DelegatingWsConfiguration' of type [org.springframework.ws.config.annotation.DelegatingWsConfiguration$$EnhancerBySpringCGLIB$$d2d06e51] is not eligible for getting processed by all BeanPostProcessors (for example: not eligible for auto-proxying) 
2023:03:27 20:21:48.412 INFO  --- [main] o.s.w.s.a.s.AnnotationActionEndpointMapping : Supporting [WS-Addressing August 2004, WS-Addressing 1.0] 
2023:03:27 20:21:48.860 INFO  --- [main] o.s.b.w.e.tomcat.TomcatWebServer : Tomcat initialized with port(s): 8888 (http) 
2023:03:27 20:21:48.868 INFO  --- [main] o.a.catalina.core.StandardService : Starting service [Tomcat] 
2023:03:27 20:21:48.868 INFO  --- [main] o.a.catalina.core.StandardEngine : Starting Servlet engine: [Apache Tomcat/9.0.71] 
2023:03:27 20:21:48.959 INFO  --- [main] o.a.c.c.C.[Tomcat].[localhost].[/] : Initializing Spring embedded WebApplicationContext 
2023:03:27 20:21:48.961 INFO  --- [main] o.s.b.w.s.c.ServletWebServerApplicationContext : Root WebApplicationContext: initialization completed in 1685 ms 
2023:03:27 20:21:49.218 INFO  --- [main] o.s.b.web.servlet.RegistrationBean : Filter webFilter was not registered (possibly already registered?) 
2023:03:27 20:21:49.330 INFO  --- [main] o.h.jpa.internal.util.LogHelper : HHH000204: Processing PersistenceUnitInfo [name: default] 
2023:03:27 20:21:49.349 INFO  --- [main] org.hibernate.Version : HHH000412: Hibernate ORM core version 5.6.14.Final 
2023:03:27 20:21:49.425 INFO  --- [main] o.h.annotations.common.Version : HCANN000001: Hibernate Commons Annotations {5.1.2.Final} 
2023:03:27 20:21:49.480 INFO  --- [main] com.zaxxer.hikari.HikariDataSource : HikariPool-1 - Starting... 
2023:03:27 20:21:49.769 INFO  --- [main] com.zaxxer.hikari.HikariDataSource : HikariPool-1 - Start completed. 
2023:03:27 20:21:49.784 INFO  --- [main] org.hibernate.dialect.Dialect : HHH000400: Using dialect: org.hibernate.dialect.MariaDB106Dialect 
2023:03:27 20:21:50.192 INFO  --- [main] o.h.e.t.j.p.i.JtaPlatformInitiator : HHH000490: Using JtaPlatform implementation: [org.hibernate.engine.transaction.jta.platform.internal.NoJtaPlatform] 
2023:03:27 20:21:50.197 INFO  --- [main] o.s.o.j.LocalContainerEntityManagerFactoryBean : Initialized JPA EntityManagerFactory for persistence unit 'default' 
2023:03:27 20:21:51.550 INFO  --- [main] o.s.b.w.e.tomcat.TomcatWebServer : Tomcat started on port(s): 8888 (http) with context path '' 
2023:03:27 20:21:51.564 INFO  --- [main] c.s.b.s.SpringbootApplication : Started SpringbootApplication in 6.428 seconds (JVM running for 7.099) 
2023:03:27 20:22:05.327 INFO  --- [http-nio-8888-exec-1] o.a.c.c.C.[Tomcat].[localhost].[/] : Initializing Spring DispatcherServlet 'dispatcherServlet' 
2023:03:27 20:22:05.330 INFO  --- [http-nio-8888-exec-1] o.s.web.servlet.DispatcherServlet : Initializing Servlet 'dispatcherServlet' 
2023:03:27 20:22:05.331 INFO  --- [http-nio-8888-exec-1] o.s.web.servlet.DispatcherServlet : Completed initialization in 1 ms 
2023:03:27 20:22:05.361 INFO  --- [http-nio-8888-exec-1] c.s.b.s.logging.LoggingController : info log = spring boot logging test 
2023:03:27 20:22:05.361 WARN  --- [http-nio-8888-exec-1] c.s.b.s.logging.LoggingController : warn log = spring boot logging test 
2023:03:27 20:22:05.362 ERROR --- [http-nio-8888-exec-1] c.s.b.s.logging.LoggingController : error log = spring boot logging test 
2023:03:27 20:29:23.464 INFO  --- [SpringApplicationShutdownHook] o.s.o.j.LocalContainerEntityManagerFactoryBean : Closing JPA EntityManagerFactory for persistence unit 'default' 
2023:03:27 20:29:23.468 INFO  --- [SpringApplicationShutdownHook] com.zaxxer.hikari.HikariDataSource : HikariPool-1 - Shutdown initiated... 
2023:03:27 20:29:23.515 INFO  --- [SpringApplicationShutdownHook] com.zaxxer.hikari.HikariDataSource : HikariPool-1 - Shutdown completed. 
2023:03:27 20:29:27.976 INFO  --- [main] c.s.b.s.SpringbootApplication : Starting SpringbootApplication using Java 11.0.14 on soyoungui-MacBookPro.local with PID 25286 (/Users/sy_choi/IntelliJ-workspace/1_web/springboot/build/classes/java/main started by sy_choi in /Users/sy_choi/IntelliJ-workspace/1_web/springboot) 
2023:03:27 20:29:27.989 INFO  --- [main] c.s.b.s.SpringbootApplication : No active profile set, falling back to 1 default profile: "default" 
2023:03:27 20:29:30.181 INFO  --- [main] o.s.d.r.c.RepositoryConfigurationDelegate : Bootstrapping Spring Data JPA repositories in DEFAULT mode. 
2023:03:27 20:29:30.238 INFO  --- [main] o.s.d.r.c.RepositoryConfigurationDelegate : Finished Spring Data repository scanning in 52 ms. Found 1 JPA repository interfaces. 
2023:03:27 20:29:30.628 INFO  --- [main] o.s.c.s.PostProcessorRegistrationDelegate$BeanPostProcessorChecker : Bean 'org.springframework.ws.config.annotation.DelegatingWsConfiguration' of type [org.springframework.ws.config.annotation.DelegatingWsConfiguration$$EnhancerBySpringCGLIB$$f8e21cfa] is not eligible for getting processed by all BeanPostProcessors (for example: not eligible for auto-proxying) 
2023:03:27 20:29:30.668 INFO  --- [main] o.s.w.s.a.s.AnnotationActionEndpointMapping : Supporting [WS-Addressing August 2004, WS-Addressing 1.0] 
2023:03:27 20:29:31.118 INFO  --- [main] o.s.b.w.e.tomcat.TomcatWebServer : Tomcat initialized with port(s): 8888 (http) 
2023:03:27 20:29:31.128 INFO  --- [main] o.a.catalina.core.StandardService : Starting service [Tomcat] 
2023:03:27 20:29:31.129 INFO  --- [main] o.a.catalina.core.StandardEngine : Starting Servlet engine: [Apache Tomcat/9.0.71] 
2023:03:27 20:29:31.225 INFO  --- [main] o.a.c.c.C.[Tomcat].[localhost].[/] : Initializing Spring embedded WebApplicationContext 
2023:03:27 20:29:31.227 INFO  --- [main] o.s.b.w.s.c.ServletWebServerApplicationContext : Root WebApplicationContext: initialization completed in 1763 ms 
2023:03:27 20:29:31.511 INFO  --- [main] o.s.b.web.servlet.RegistrationBean : Filter webFilter was not registered (possibly already registered?) 
2023:03:27 20:29:31.646 INFO  --- [main] o.h.jpa.internal.util.LogHelper : HHH000204: Processing PersistenceUnitInfo [name: default] 
2023:03:27 20:29:31.669 INFO  --- [main] org.hibernate.Version : HHH000412: Hibernate ORM core version 5.6.14.Final 
2023:03:27 20:29:31.752 INFO  --- [main] o.h.annotations.common.Version : HCANN000001: Hibernate Commons Annotations {5.1.2.Final} 
2023:03:27 20:29:31.809 INFO  --- [main] com.zaxxer.hikari.HikariDataSource : HikariPool-1 - Starting... 
2023:03:27 20:29:32.485 INFO  --- [main] log4jdbc.log4j2 : 1. Connection opened. {executed in 666ms}  
2023:03:27 20:29:32.486 INFO  --- [main] log4jdbc.log4j2 : 1. Connection.new Connection returned  
2023:03:27 20:29:32.486 INFO  --- [main] log4jdbc.log4j2 : 1. Connection.getNetworkTimeout() returned 0 
2023:03:27 20:29:32.487 INFO  --- [main] log4jdbc.log4j2 : 1. Connection.isReadOnly() returned false 
2023:03:27 20:29:32.487 INFO  --- [main] log4jdbc.log4j2 : 1. Connection.getAutoCommit() returned true 
2023:03:27 20:29:32.504 INFO  --- [main] log4jdbc.log4j2 : 1. Connection.isValid(1) returned true 
2023:03:27 20:29:32.525 INFO  --- [main] log4jdbc.log4j2 : 1. Connection.getTransactionIsolation() returned 4 
2023:03:27 20:29:32.527 INFO  --- [main] com.zaxxer.hikari.HikariDataSource : HikariPool-1 - Start completed. 
2023:03:27 20:29:32.532 INFO  --- [main] log4jdbc.log4j2 : 1. Connection.getMetaData() returned org.mariadb.jdbc.MariaDbDatabaseMetaData@65d7eea4 
2023:03:27 20:29:32.536 INFO  --- [main] log4jdbc.log4j2 : 1. Connection.getMetaData() returned org.mariadb.jdbc.MariaDbDatabaseMetaData@1d8be7b9 
2023:03:27 20:29:32.547 INFO  --- [main] org.hibernate.dialect.Dialect : HHH000400: Using dialect: org.hibernate.dialect.MariaDB106Dialect 
2023:03:27 20:29:32.564 INFO  --- [main] log4jdbc.log4j2 : 1. Connection.getCatalog() returned study 
2023:03:27 20:29:32.567 INFO  --- [main] log4jdbc.log4j2 : 1. Connection.getSchema() returned null 
2023:03:27 20:29:32.567 INFO  --- [main] log4jdbc.log4j2 : 1. Connection.getSchema() returned null 
2023:03:27 20:29:32.569 INFO  --- [main] log4jdbc.log4j2 : 1. Connection.getMetaData() returned org.mariadb.jdbc.MariaDbDatabaseMetaData@3b7b0b57 
2023:03:27 20:29:32.570 INFO  --- [main] log4jdbc.log4j2 : 1. Connection.createClob() returned  
2023:03:27 20:29:32.574 INFO  --- [main] log4jdbc.log4j2 : 1. Connection.clearWarnings() returned  
2023:03:27 20:29:32.722 INFO  --- [HikariPool-1 connection adder] log4jdbc.log4j2 : 2. Connection opened. {executed in 86ms}  
2023:03:27 20:29:32.728 INFO  --- [HikariPool-1 connection adder] log4jdbc.log4j2 : 2. Connection.new Connection returned  
2023:03:27 20:29:32.729 INFO  --- [HikariPool-1 connection adder] log4jdbc.log4j2 : 2. Connection.isReadOnly() returned false 
2023:03:27 20:29:32.729 INFO  --- [HikariPool-1 connection adder] log4jdbc.log4j2 : 2. Connection.getAutoCommit() returned true 
2023:03:27 20:29:32.774 INFO  --- [HikariPool-1 connection adder] log4jdbc.log4j2 : 3. Connection opened. {executed in 43ms}  
2023:03:27 20:29:32.778 INFO  --- [HikariPool-1 connection adder] log4jdbc.log4j2 : 3. Connection.new Connection returned  
2023:03:27 20:29:32.778 INFO  --- [HikariPool-1 connection adder] log4jdbc.log4j2 : 3. Connection.isReadOnly() returned false 
2023:03:27 20:29:32.778 INFO  --- [HikariPool-1 connection adder] log4jdbc.log4j2 : 3. Connection.getAutoCommit() returned true 
2023:03:27 20:29:32.851 INFO  --- [HikariPool-1 connection adder] log4jdbc.log4j2 : 4. Connection opened. {executed in 70ms}  
2023:03:27 20:29:32.852 INFO  --- [HikariPool-1 connection adder] log4jdbc.log4j2 : 4. Connection.new Connection returned  
2023:03:27 20:29:32.852 INFO  --- [HikariPool-1 connection adder] log4jdbc.log4j2 : 4. Connection.isReadOnly() returned false 
2023:03:27 20:29:32.852 INFO  --- [HikariPool-1 connection adder] log4jdbc.log4j2 : 4. Connection.getAutoCommit() returned true 
2023:03:27 20:29:32.929 INFO  --- [main] log4jdbc.log4j2 : 1. Connection.getAutoCommit() returned true 
2023:03:27 20:29:32.932 INFO  --- [main] log4jdbc.log4j2 : 1. PreparedStatement.new PreparedStatement returned  
2023:03:27 20:29:32.932 INFO  --- [main] log4jdbc.log4j2 : 1. Connection.prepareStatement(select table_name from information_schema.tables where table_schema = database() and table_type = 'SEQUENCE') returned net.sf.log4jdbc.sql.jdbcapi.PreparedStatementSpy@1870b9b8 
2023:03:27 20:29:33.063 INFO  --- [main] log4jdbc.log4j2 : 1. select table_name from information_schema.tables where table_schema = database() and table_type 
= 'SEQUENCE'  {executed in 125 ms} 
2023:03:27 20:29:33.066 INFO  --- [main] log4jdbc.log4j2 : 1. ResultSet.new ResultSet returned  
2023:03:27 20:29:33.067 INFO  --- [main] log4jdbc.log4j2 : 1. PreparedStatement.executeQuery() returned net.sf.log4jdbc.sql.jdbcapi.ResultSetSpy@2435c6ae 
2023:03:27 20:29:33.070 INFO  --- [main] log4jdbc.log4j2 : 
|-----------|
|table_name |
|-----------|
|-----------|
 
2023:03:27 20:29:33.070 INFO  --- [main] log4jdbc.log4j2 : 1. ResultSet.next() returned false 
2023:03:27 20:29:33.070 INFO  --- [main] log4jdbc.log4j2 : 1. ResultSet.close() returned void 
2023:03:27 20:29:33.070 INFO  --- [main] log4jdbc.log4j2 : 1. PreparedStatement.close() returned  
2023:03:27 20:29:33.073 INFO  --- [main] log4jdbc.log4j2 : 1. Connection.getMetaData() returned org.mariadb.jdbc.MariaDbDatabaseMetaData@34e68840 
2023:03:27 20:29:33.081 INFO  --- [HikariPool-1 connection adder] log4jdbc.log4j2 : 5. Connection opened. {executed in 229ms}  
2023:03:27 20:29:33.081 INFO  --- [HikariPool-1 connection adder] log4jdbc.log4j2 : 5. Connection.new Connection returned  
2023:03:27 20:29:33.081 INFO  --- [HikariPool-1 connection adder] log4jdbc.log4j2 : 5. Connection.isReadOnly() returned false 
2023:03:27 20:29:33.081 INFO  --- [HikariPool-1 connection adder] log4jdbc.log4j2 : 5. Connection.getAutoCommit() returned true 
2023:03:27 20:29:33.115 INFO  --- [main] log4jdbc.log4j2 : 1. Connection.clearWarnings() returned  
2023:03:27 20:29:33.115 INFO  --- [main] o.h.e.t.j.p.i.JtaPlatformInitiator : HHH000490: Using JtaPlatform implementation: [org.hibernate.engine.transaction.jta.platform.internal.NoJtaPlatform] 
2023:03:27 20:29:33.120 INFO  --- [main] o.s.o.j.LocalContainerEntityManagerFactoryBean : Initialized JPA EntityManagerFactory for persistence unit 'default' 
2023:03:27 20:29:33.137 INFO  --- [HikariPool-1 connection adder] log4jdbc.log4j2 : 6. Connection opened. {executed in 56ms}  
2023:03:27 20:29:33.138 INFO  --- [HikariPool-1 connection adder] log4jdbc.log4j2 : 6. Connection.new Connection returned  
2023:03:27 20:29:33.139 INFO  --- [HikariPool-1 connection adder] log4jdbc.log4j2 : 6. Connection.isReadOnly() returned false 
2023:03:27 20:29:33.140 INFO  --- [HikariPool-1 connection adder] log4jdbc.log4j2 : 6. Connection.getAutoCommit() returned true 
2023:03:27 20:29:33.220 INFO  --- [HikariPool-1 connection adder] log4jdbc.log4j2 : 7. Connection opened. {executed in 80ms}  
2023:03:27 20:29:33.221 INFO  --- [HikariPool-1 connection adder] log4jdbc.log4j2 : 7. Connection.new Connection returned  
2023:03:27 20:29:33.221 INFO  --- [HikariPool-1 connection adder] log4jdbc.log4j2 : 7. Connection.isReadOnly() returned false 
2023:03:27 20:29:33.221 INFO  --- [HikariPool-1 connection adder] log4jdbc.log4j2 : 7. Connection.getAutoCommit() returned true 
2023:03:27 20:29:33.256 INFO  --- [HikariPool-1 connection adder] log4jdbc.log4j2 : 8. Connection opened. {executed in 35ms}  
2023:03:27 20:29:33.256 INFO  --- [HikariPool-1 connection adder] log4jdbc.log4j2 : 8. Connection.new Connection returned  
2023:03:27 20:29:33.256 INFO  --- [HikariPool-1 connection adder] log4jdbc.log4j2 : 8. Connection.isReadOnly() returned false 
2023:03:27 20:29:33.256 INFO  --- [HikariPool-1 connection adder] log4jdbc.log4j2 : 8. Connection.getAutoCommit() returned true 
2023:03:27 20:29:33.471 INFO  --- [HikariPool-1 connection adder] log4jdbc.log4j2 : 9. Connection opened. {executed in 214ms}  
2023:03:27 20:29:33.474 INFO  --- [HikariPool-1 connection adder] log4jdbc.log4j2 : 9. Connection.new Connection returned  
2023:03:27 20:29:33.474 INFO  --- [HikariPool-1 connection adder] log4jdbc.log4j2 : 9. Connection.isReadOnly() returned false 
2023:03:27 20:29:33.474 INFO  --- [HikariPool-1 connection adder] log4jdbc.log4j2 : 9. Connection.getAutoCommit() returned true 
2023:03:27 20:29:33.548 INFO  --- [HikariPool-1 connection adder] log4jdbc.log4j2 : 10. Connection opened. {executed in 72ms}  
2023:03:27 20:29:33.548 INFO  --- [HikariPool-1 connection adder] log4jdbc.log4j2 : 10. Connection.new Connection returned  
2023:03:27 20:29:33.548 INFO  --- [HikariPool-1 connection adder] log4jdbc.log4j2 : 10. Connection.isReadOnly() returned false 
2023:03:27 20:29:33.548 INFO  --- [HikariPool-1 connection adder] log4jdbc.log4j2 : 10. Connection.getAutoCommit() returned true 
2023:03:27 20:29:34.638 INFO  --- [main] o.s.b.w.e.tomcat.TomcatWebServer : Tomcat started on port(s): 8888 (http) with context path '' 
2023:03:27 20:29:34.651 INFO  --- [main] c.s.b.s.SpringbootApplication : Started SpringbootApplication in 7.268 seconds (JVM running for 7.934) 
2023:03:27 20:29:38.941 INFO  --- [http-nio-8888-exec-1] o.a.c.c.C.[Tomcat].[localhost].[/] : Initializing Spring DispatcherServlet 'dispatcherServlet' 
2023:03:27 20:29:38.942 INFO  --- [http-nio-8888-exec-1] o.s.web.servlet.DispatcherServlet : Initializing Servlet 'dispatcherServlet' 
2023:03:27 20:29:38.946 INFO  --- [http-nio-8888-exec-1] o.s.web.servlet.DispatcherServlet : Completed initialization in 1 ms 
2023:03:27 20:29:38.980 INFO  --- [http-nio-8888-exec-1] c.s.b.s.logging.LoggingController : info log = spring boot logging test 
2023:03:27 20:29:38.980 WARN  --- [http-nio-8888-exec-1] c.s.b.s.logging.LoggingController : warn log = spring boot logging test 
2023:03:27 20:29:38.980 ERROR --- [http-nio-8888-exec-1] c.s.b.s.logging.LoggingController : error log = spring boot logging test 
2023:03:27 20:29:39.310 INFO  --- [http-nio-8888-exec-1] log4jdbc.log4j2 : 1. Connection.isValid(5) returned true 
2023:03:27 20:29:39.316 INFO  --- [http-nio-8888-exec-1] log4jdbc.log4j2 : 1. Connection.setReadOnly(true) returned  
2023:03:27 20:29:39.324 INFO  --- [http-nio-8888-exec-1] log4jdbc.log4j2 : 1. Connection.getAutoCommit() returned true 
2023:03:27 20:29:39.332 INFO  --- [http-nio-8888-exec-1] log4jdbc.log4j2 : 1. Connection.setAutoCommit(false) returned  
2023:03:27 20:29:39.420 INFO  --- [http-nio-8888-exec-1] log4jdbc.log4j2 : 1. PreparedStatement.new PreparedStatement returned  
2023:03:27 20:29:39.420 INFO  --- [http-nio-8888-exec-1] log4jdbc.log4j2 : 1. Connection.prepareStatement(select member0_.id as id1_0_, member0_.age as age2_0_, member0_.crt_by as crt_by3_0_, member0_.crt_dt as crt_dt4_0_, member0_.del_yn as del_yn5_0_, member0_.name as name6_0_ from member member0_) returned net.sf.log4jdbc.sql.jdbcapi.PreparedStatementSpy@315ec45a 
2023:03:27 20:29:39.437 INFO  --- [http-nio-8888-exec-1] log4jdbc.log4j2 : 1. select member0_.id as id1_0_, member0_.age as age2_0_, member0_.crt_by as crt_by3_0_, member0_.crt_dt 
as crt_dt4_0_, member0_.del_yn as del_yn5_0_, member0_.name as name6_0_ from member member0_  {executed in 16 ms} 
2023:03:27 20:29:39.437 INFO  --- [http-nio-8888-exec-1] log4jdbc.log4j2 : 1. ResultSet.new ResultSet returned  
2023:03:27 20:29:39.437 INFO  --- [http-nio-8888-exec-1] log4jdbc.log4j2 : 1. PreparedStatement.executeQuery() returned net.sf.log4jdbc.sql.jdbcapi.ResultSetSpy@7480735f 
2023:03:27 20:29:39.438 INFO  --- [http-nio-8888-exec-1] log4jdbc.log4j2 : 1. ResultSet.next() returned true 
2023:03:27 20:29:39.439 INFO  --- [http-nio-8888-exec-1] log4jdbc.log4j2 : 1. ResultSet.getInt(id1_0_) returned 1 
2023:03:27 20:29:39.439 INFO  --- [http-nio-8888-exec-1] log4jdbc.log4j2 : 1. ResultSet.wasNull() returned false 
2023:03:27 20:29:39.441 INFO  --- [http-nio-8888-exec-1] log4jdbc.log4j2 : 1. ResultSet.getInt(age2_0_) returned 28 
2023:03:27 20:29:39.441 INFO  --- [http-nio-8888-exec-1] log4jdbc.log4j2 : 1. ResultSet.wasNull() returned false 
2023:03:27 20:29:39.441 INFO  --- [http-nio-8888-exec-1] log4jdbc.log4j2 : 1. ResultSet.getInt(crt_by3_0_) returned 1 
2023:03:27 20:29:39.441 INFO  --- [http-nio-8888-exec-1] log4jdbc.log4j2 : 1. ResultSet.wasNull() returned false 
2023:03:27 20:29:39.442 INFO  --- [http-nio-8888-exec-1] log4jdbc.log4j2 : 1. ResultSet.getTimestamp(crt_dt4_0_) returned 2023-03-07 23:04:53.0 
2023:03:27 20:29:39.442 INFO  --- [http-nio-8888-exec-1] log4jdbc.log4j2 : 1. ResultSet.wasNull() returned false 
2023:03:27 20:29:39.442 INFO  --- [http-nio-8888-exec-1] log4jdbc.log4j2 : 1. ResultSet.getString(del_yn5_0_) returned N 
2023:03:27 20:29:39.442 INFO  --- [http-nio-8888-exec-1] log4jdbc.log4j2 : 1. ResultSet.wasNull() returned false 
2023:03:27 20:29:39.442 INFO  --- [http-nio-8888-exec-1] log4jdbc.log4j2 : 1. ResultSet.getString(name6_0_) returned 스팀다리미 
2023:03:27 20:29:39.443 INFO  --- [http-nio-8888-exec-1] log4jdbc.log4j2 : 1. ResultSet.wasNull() returned false 
2023:03:27 20:29:39.444 INFO  --- [http-nio-8888-exec-1] log4jdbc.log4j2 : 
|---|----|-------|----------------------|-------|------|
|id |age |crt_by |crt_dt                |del_yn |name  |
|---|----|-------|----------------------|-------|------|
|1  |28  |1      |2023-03-07 23:04:53.0 |N      |스팀다리미 |
|---|----|-------|----------------------|-------|------|
 
2023:03:27 20:29:39.445 INFO  --- [http-nio-8888-exec-1] log4jdbc.log4j2 : 1. ResultSet.next() returned false 
2023:03:27 20:29:39.447 INFO  --- [http-nio-8888-exec-1] log4jdbc.log4j2 : 1. ResultSet.close() returned void 
2023:03:27 20:29:39.447 INFO  --- [http-nio-8888-exec-1] log4jdbc.log4j2 : 1. PreparedStatement.getMaxRows() returned 0 
2023:03:27 20:29:39.447 INFO  --- [http-nio-8888-exec-1] log4jdbc.log4j2 : 1. PreparedStatement.getQueryTimeout() returned 0 
2023:03:27 20:29:39.447 INFO  --- [http-nio-8888-exec-1] log4jdbc.log4j2 : 1. PreparedStatement.close() returned  
2023:03:27 20:29:39.458 INFO  --- [http-nio-8888-exec-1] log4jdbc.log4j2 : 1. Connection.commit() returned  
2023:03:27 20:29:39.492 INFO  --- [http-nio-8888-exec-1] log4jdbc.log4j2 : 1. Connection.setAutoCommit(true) returned  
2023:03:27 20:29:39.493 INFO  --- [http-nio-8888-exec-1] log4jdbc.log4j2 : 1. Connection.setReadOnly(false) returned  
2023:03:27 20:29:39.493 INFO  --- [http-nio-8888-exec-1] log4jdbc.log4j2 : 1. Connection.clearWarnings() returned  
2023:03:27 20:29:39.493 INFO  --- [http-nio-8888-exec-1] log4jdbc.log4j2 : 1. Connection.clearWarnings() returned  
2023:03:27 20:29:43.170 INFO  --- [http-nio-8888-exec-2] c.s.b.s.logging.LoggingController : info log = spring boot logging test 
2023:03:27 20:29:43.176 WARN  --- [http-nio-8888-exec-2] c.s.b.s.logging.LoggingController : warn log = spring boot logging test 
2023:03:27 20:29:43.176 ERROR --- [http-nio-8888-exec-2] c.s.b.s.logging.LoggingController : error log = spring boot logging test 
2023:03:27 20:29:43.288 INFO  --- [http-nio-8888-exec-2] log4jdbc.log4j2 : 1. Connection.isValid(5) returned true 
2023:03:27 20:29:43.289 INFO  --- [http-nio-8888-exec-2] log4jdbc.log4j2 : 1. Connection.setReadOnly(true) returned  
2023:03:27 20:29:43.289 INFO  --- [http-nio-8888-exec-2] log4jdbc.log4j2 : 1. Connection.getAutoCommit() returned true 
2023:03:27 20:29:43.323 INFO  --- [http-nio-8888-exec-2] log4jdbc.log4j2 : 1. Connection.setAutoCommit(false) returned  
2023:03:27 20:29:43.333 INFO  --- [http-nio-8888-exec-2] log4jdbc.log4j2 : 1. PreparedStatement.new PreparedStatement returned  
2023:03:27 20:29:43.337 INFO  --- [http-nio-8888-exec-2] log4jdbc.log4j2 : 1. Connection.prepareStatement(select member0_.id as id1_0_, member0_.age as age2_0_, member0_.crt_by as crt_by3_0_, member0_.crt_dt as crt_dt4_0_, member0_.del_yn as del_yn5_0_, member0_.name as name6_0_ from member member0_) returned net.sf.log4jdbc.sql.jdbcapi.PreparedStatementSpy@16cbb963 
2023:03:27 20:29:43.503 INFO  --- [http-nio-8888-exec-2] log4jdbc.log4j2 : 1. select member0_.id as id1_0_, member0_.age as age2_0_, member0_.crt_by as crt_by3_0_, member0_.crt_dt 
as crt_dt4_0_, member0_.del_yn as del_yn5_0_, member0_.name as name6_0_ from member member0_  {executed in 166 ms} 
2023:03:27 20:29:43.506 INFO  --- [http-nio-8888-exec-2] log4jdbc.log4j2 : 1. ResultSet.new ResultSet returned  
2023:03:27 20:29:43.506 INFO  --- [http-nio-8888-exec-2] log4jdbc.log4j2 : 1. PreparedStatement.executeQuery() returned net.sf.log4jdbc.sql.jdbcapi.ResultSetSpy@57f6b358 
2023:03:27 20:29:43.506 INFO  --- [http-nio-8888-exec-2] log4jdbc.log4j2 : 1. ResultSet.next() returned true 
2023:03:27 20:29:43.506 INFO  --- [http-nio-8888-exec-2] log4jdbc.log4j2 : 1. ResultSet.getInt(id1_0_) returned 1 
2023:03:27 20:29:43.506 INFO  --- [http-nio-8888-exec-2] log4jdbc.log4j2 : 1. ResultSet.wasNull() returned false 
2023:03:27 20:29:43.506 INFO  --- [http-nio-8888-exec-2] log4jdbc.log4j2 : 1. ResultSet.getInt(age2_0_) returned 28 
2023:03:27 20:29:43.506 INFO  --- [http-nio-8888-exec-2] log4jdbc.log4j2 : 1. ResultSet.wasNull() returned false 
2023:03:27 20:29:43.506 INFO  --- [http-nio-8888-exec-2] log4jdbc.log4j2 : 1. ResultSet.getInt(crt_by3_0_) returned 1 
2023:03:27 20:29:43.506 INFO  --- [http-nio-8888-exec-2] log4jdbc.log4j2 : 1. ResultSet.wasNull() returned false 
2023:03:27 20:29:43.506 INFO  --- [http-nio-8888-exec-2] log4jdbc.log4j2 : 1. ResultSet.getTimestamp(crt_dt4_0_) returned 2023-03-07 23:04:53.0 
2023:03:27 20:29:43.506 INFO  --- [http-nio-8888-exec-2] log4jdbc.log4j2 : 1. ResultSet.wasNull() returned false 
2023:03:27 20:29:43.506 INFO  --- [http-nio-8888-exec-2] log4jdbc.log4j2 : 1. ResultSet.getString(del_yn5_0_) returned N 
2023:03:27 20:29:43.507 INFO  --- [http-nio-8888-exec-2] log4jdbc.log4j2 : 1. ResultSet.wasNull() returned false 
2023:03:27 20:29:43.507 INFO  --- [http-nio-8888-exec-2] log4jdbc.log4j2 : 1. ResultSet.getString(name6_0_) returned 스팀다리미 
2023:03:27 20:29:43.507 INFO  --- [http-nio-8888-exec-2] log4jdbc.log4j2 : 1. ResultSet.wasNull() returned false 
2023:03:27 20:29:43.508 INFO  --- [http-nio-8888-exec-2] log4jdbc.log4j2 : 
|---|----|-------|----------------------|-------|------|
|id |age |crt_by |crt_dt                |del_yn |name  |
|---|----|-------|----------------------|-------|------|
|1  |28  |1      |2023-03-07 23:04:53.0 |N      |스팀다리미 |
|---|----|-------|----------------------|-------|------|
 
2023:03:27 20:29:43.508 INFO  --- [http-nio-8888-exec-2] log4jdbc.log4j2 : 1. ResultSet.next() returned false 
2023:03:27 20:29:43.508 INFO  --- [http-nio-8888-exec-2] log4jdbc.log4j2 : 1. ResultSet.close() returned void 
2023:03:27 20:29:43.508 INFO  --- [http-nio-8888-exec-2] log4jdbc.log4j2 : 1. PreparedStatement.getMaxRows() returned 0 
2023:03:27 20:29:43.508 INFO  --- [http-nio-8888-exec-2] log4jdbc.log4j2 : 1. PreparedStatement.getQueryTimeout() returned 0 
2023:03:27 20:29:43.508 INFO  --- [http-nio-8888-exec-2] log4jdbc.log4j2 : 1. PreparedStatement.close() returned  
2023:03:27 20:29:43.573 INFO  --- [http-nio-8888-exec-2] log4jdbc.log4j2 : 1. Connection.commit() returned  
2023:03:27 20:29:43.581 INFO  --- [http-nio-8888-exec-2] log4jdbc.log4j2 : 1. Connection.setAutoCommit(true) returned  
2023:03:27 20:29:43.581 INFO  --- [http-nio-8888-exec-2] log4jdbc.log4j2 : 1. Connection.setReadOnly(false) returned  
2023:03:27 20:29:43.581 INFO  --- [http-nio-8888-exec-2] log4jdbc.log4j2 : 1. Connection.clearWarnings() returned  
2023:03:27 20:29:43.581 INFO  --- [http-nio-8888-exec-2] log4jdbc.log4j2 : 1. Connection.clearWarnings() returned  
2023:03:27 20:31:13.424 INFO  --- [SpringApplicationShutdownHook] o.s.o.j.LocalContainerEntityManagerFactoryBean : Closing JPA EntityManagerFactory for persistence unit 'default' 
2023:03:27 20:31:13.431 INFO  --- [SpringApplicationShutdownHook] com.zaxxer.hikari.HikariDataSource : HikariPool-1 - Shutdown initiated... 
2023:03:27 20:31:13.439 INFO  --- [HikariPool-1 connection closer] log4jdbc.log4j2 : 1. Connection closed. {executed in 5ms}  
2023:03:27 20:31:13.439 INFO  --- [HikariPool-1 connection closer] log4jdbc.log4j2 : 1. Connection.close() returned  
2023:03:27 20:31:13.443 INFO  --- [HikariPool-1 connection closer] log4jdbc.log4j2 : 2. Connection closed. {executed in 4ms}  
2023:03:27 20:31:13.444 INFO  --- [HikariPool-1 connection closer] log4jdbc.log4j2 : 2. Connection.close() returned  
2023:03:27 20:31:13.448 INFO  --- [HikariPool-1 connection closer] log4jdbc.log4j2 : 3. Connection closed. {executed in 4ms}  
2023:03:27 20:31:13.448 INFO  --- [HikariPool-1 connection closer] log4jdbc.log4j2 : 3. Connection.close() returned  
2023:03:27 20:31:13.452 INFO  --- [HikariPool-1 connection closer] log4jdbc.log4j2 : 4. Connection closed. {executed in 4ms}  
2023:03:27 20:31:13.452 INFO  --- [HikariPool-1 connection closer] log4jdbc.log4j2 : 4. Connection.close() returned  
2023:03:27 20:31:13.457 INFO  --- [HikariPool-1 connection closer] log4jdbc.log4j2 : 5. Connection closed. {executed in 5ms}  
2023:03:27 20:31:13.457 INFO  --- [HikariPool-1 connection closer] log4jdbc.log4j2 : 5. Connection.close() returned  
2023:03:27 20:31:13.462 INFO  --- [HikariPool-1 connection closer] log4jdbc.log4j2 : 6. Connection closed. {executed in 5ms}  
2023:03:27 20:31:13.462 INFO  --- [HikariPool-1 connection closer] log4jdbc.log4j2 : 6. Connection.close() returned  
2023:03:27 20:31:13.467 INFO  --- [HikariPool-1 connection closer] log4jdbc.log4j2 : 7. Connection closed. {executed in 4ms}  
2023:03:27 20:31:13.467 INFO  --- [HikariPool-1 connection closer] log4jdbc.log4j2 : 7. Connection.close() returned  
2023:03:27 20:31:13.472 INFO  --- [HikariPool-1 connection closer] log4jdbc.log4j2 : 8. Connection closed. {executed in 5ms}  
2023:03:27 20:31:13.472 INFO  --- [HikariPool-1 connection closer] log4jdbc.log4j2 : 8. Connection.close() returned  
2023:03:27 20:31:13.476 INFO  --- [HikariPool-1 connection closer] log4jdbc.log4j2 : 9. Connection closed. {executed in 4ms}  
2023:03:27 20:31:13.476 INFO  --- [HikariPool-1 connection closer] log4jdbc.log4j2 : 9. Connection.close() returned  
2023:03:27 20:31:13.481 INFO  --- [HikariPool-1 connection closer] log4jdbc.log4j2 : 10. Connection closed. {executed in 4ms}  
2023:03:27 20:31:13.481 INFO  --- [HikariPool-1 connection closer] log4jdbc.log4j2 : 10. Connection.close() returned  
2023:03:27 20:31:13.481 INFO  --- [SpringApplicationShutdownHook] com.zaxxer.hikari.HikariDataSource : HikariPool-1 - Shutdown completed. 
2023:03:27 20:31:16.240 INFO  --- [main] c.s.b.s.SpringbootApplication : Starting SpringbootApplication using Java 11.0.14 on soyoungui-MacBookPro.local with PID 25298 (/Users/sy_choi/IntelliJ-workspace/1_web/springboot/build/classes/java/main started by sy_choi in /Users/sy_choi/IntelliJ-workspace/1_web/springboot) 
2023:03:27 20:31:16.246 INFO  --- [main] c.s.b.s.SpringbootApplication : No active profile set, falling back to 1 default profile: "default" 
2023:03:27 20:31:18.472 INFO  --- [main] o.s.d.r.c.RepositoryConfigurationDelegate : Bootstrapping Spring Data JPA repositories in DEFAULT mode. 
2023:03:27 20:31:18.529 INFO  --- [main] o.s.d.r.c.RepositoryConfigurationDelegate : Finished Spring Data repository scanning in 50 ms. Found 1 JPA repository interfaces. 
2023:03:27 20:31:18.912 INFO  --- [main] o.s.c.s.PostProcessorRegistrationDelegate$BeanPostProcessorChecker : Bean 'org.springframework.ws.config.annotation.DelegatingWsConfiguration' of type [org.springframework.ws.config.annotation.DelegatingWsConfiguration$$EnhancerBySpringCGLIB$$d2d06e51] is not eligible for getting processed by all BeanPostProcessors (for example: not eligible for auto-proxying) 
2023:03:27 20:31:18.951 INFO  --- [main] o.s.w.s.a.s.AnnotationActionEndpointMapping : Supporting [WS-Addressing August 2004, WS-Addressing 1.0] 
2023:03:27 20:31:19.398 INFO  --- [main] o.s.b.w.e.tomcat.TomcatWebServer : Tomcat initialized with port(s): 8888 (http) 
2023:03:27 20:31:19.405 INFO  --- [main] o.a.catalina.core.StandardService : Starting service [Tomcat] 
2023:03:27 20:31:19.405 INFO  --- [main] o.a.catalina.core.StandardEngine : Starting Servlet engine: [Apache Tomcat/9.0.71] 
2023:03:27 20:31:19.493 INFO  --- [main] o.a.c.c.C.[Tomcat].[localhost].[/] : Initializing Spring embedded WebApplicationContext 
2023:03:27 20:31:19.494 INFO  --- [main] o.s.b.w.s.c.ServletWebServerApplicationContext : Root WebApplicationContext: initialization completed in 1694 ms 
2023:03:27 20:31:19.758 INFO  --- [main] o.s.b.web.servlet.RegistrationBean : Filter webFilter was not registered (possibly already registered?) 
2023:03:27 20:31:19.907 INFO  --- [main] o.h.jpa.internal.util.LogHelper : HHH000204: Processing PersistenceUnitInfo [name: default] 
2023:03:27 20:31:19.930 INFO  --- [main] org.hibernate.Version : HHH000412: Hibernate ORM core version 5.6.14.Final 
2023:03:27 20:31:20.014 INFO  --- [main] o.h.annotations.common.Version : HCANN000001: Hibernate Commons Annotations {5.1.2.Final} 
2023:03:27 20:31:20.070 INFO  --- [main] com.zaxxer.hikari.HikariDataSource : HikariPool-1 - Starting... 
2023:03:27 20:31:20.422 INFO  --- [main] log4jdbc.log4j2 : 1. Connection opened. {executed in 342ms}  
2023:03:27 20:31:20.424 INFO  --- [main] log4jdbc.log4j2 : 1. Connection.new Connection returned  
2023:03:27 20:31:20.424 INFO  --- [main] log4jdbc.log4j2 : 1. Connection.getNetworkTimeout() returned 0 
2023:03:27 20:31:20.424 INFO  --- [main] log4jdbc.log4j2 : 1. Connection.isReadOnly() returned false 
2023:03:27 20:31:20.424 INFO  --- [main] log4jdbc.log4j2 : 1. Connection.getAutoCommit() returned true 
2023:03:27 20:31:20.433 INFO  --- [main] log4jdbc.log4j2 : 1. Connection.isValid(1) returned true 
2023:03:27 20:31:20.484 INFO  --- [main] log4jdbc.log4j2 : 1. Connection.getTransactionIsolation() returned 4 
2023:03:27 20:31:20.486 INFO  --- [main] com.zaxxer.hikari.HikariDataSource : HikariPool-1 - Start completed. 
2023:03:27 20:31:20.490 INFO  --- [main] log4jdbc.log4j2 : 1. Connection.getMetaData() returned org.mariadb.jdbc.MariaDbDatabaseMetaData@2f99d8c 
2023:03:27 20:31:20.492 INFO  --- [main] log4jdbc.log4j2 : 1. Connection.getMetaData() returned org.mariadb.jdbc.MariaDbDatabaseMetaData@7440265c 
2023:03:27 20:31:20.504 INFO  --- [main] org.hibernate.dialect.Dialect : HHH000400: Using dialect: org.hibernate.dialect.MariaDB106Dialect 
2023:03:27 20:31:20.521 INFO  --- [main] log4jdbc.log4j2 : 1. Connection.getCatalog() returned study 
2023:03:27 20:31:20.523 INFO  --- [main] log4jdbc.log4j2 : 1. Connection.getSchema() returned null 
2023:03:27 20:31:20.523 INFO  --- [main] log4jdbc.log4j2 : 1. Connection.getSchema() returned null 
2023:03:27 20:31:20.525 INFO  --- [main] log4jdbc.log4j2 : 1. Connection.getMetaData() returned org.mariadb.jdbc.MariaDbDatabaseMetaData@333e5fb6 
2023:03:27 20:31:20.526 INFO  --- [main] log4jdbc.log4j2 : 1. Connection.createClob() returned  
2023:03:27 20:31:20.530 INFO  --- [main] log4jdbc.log4j2 : 1. Connection.clearWarnings() returned  
2023:03:27 20:31:20.647 INFO  --- [HikariPool-1 connection adder] log4jdbc.log4j2 : 2. Connection opened. {executed in 54ms}  
2023:03:27 20:31:20.653 INFO  --- [HikariPool-1 connection adder] log4jdbc.log4j2 : 2. Connection.new Connection returned  
2023:03:27 20:31:20.654 INFO  --- [HikariPool-1 connection adder] log4jdbc.log4j2 : 2. Connection.isReadOnly() returned false 
2023:03:27 20:31:20.654 INFO  --- [HikariPool-1 connection adder] log4jdbc.log4j2 : 2. Connection.getAutoCommit() returned true 
2023:03:27 20:31:20.716 INFO  --- [HikariPool-1 connection adder] log4jdbc.log4j2 : 3. Connection opened. {executed in 62ms}  
2023:03:27 20:31:20.720 INFO  --- [HikariPool-1 connection adder] log4jdbc.log4j2 : 3. Connection.new Connection returned  
2023:03:27 20:31:20.720 INFO  --- [HikariPool-1 connection adder] log4jdbc.log4j2 : 3. Connection.isReadOnly() returned false 
2023:03:27 20:31:20.720 INFO  --- [HikariPool-1 connection adder] log4jdbc.log4j2 : 3. Connection.getAutoCommit() returned true 
2023:03:27 20:31:20.763 INFO  --- [HikariPool-1 connection adder] log4jdbc.log4j2 : 4. Connection opened. {executed in 40ms}  
2023:03:27 20:31:20.763 INFO  --- [HikariPool-1 connection adder] log4jdbc.log4j2 : 4. Connection.new Connection returned  
2023:03:27 20:31:20.763 INFO  --- [HikariPool-1 connection adder] log4jdbc.log4j2 : 4. Connection.isReadOnly() returned false 
2023:03:27 20:31:20.763 INFO  --- [HikariPool-1 connection adder] log4jdbc.log4j2 : 4. Connection.getAutoCommit() returned true 
2023:03:27 20:31:20.827 INFO  --- [HikariPool-1 connection adder] log4jdbc.log4j2 : 5. Connection opened. {executed in 64ms}  
2023:03:27 20:31:20.828 INFO  --- [HikariPool-1 connection adder] log4jdbc.log4j2 : 5. Connection.new Connection returned  
2023:03:27 20:31:20.828 INFO  --- [HikariPool-1 connection adder] log4jdbc.log4j2 : 5. Connection.isReadOnly() returned false 
2023:03:27 20:31:20.828 INFO  --- [HikariPool-1 connection adder] log4jdbc.log4j2 : 5. Connection.getAutoCommit() returned true 
2023:03:27 20:31:20.830 INFO  --- [main] log4jdbc.log4j2 : 1. Connection.getAutoCommit() returned true 
2023:03:27 20:31:20.834 INFO  --- [main] log4jdbc.log4j2 : 1. PreparedStatement.new PreparedStatement returned  
2023:03:27 20:31:20.834 INFO  --- [main] log4jdbc.log4j2 : 1. Connection.prepareStatement(select table_name from information_schema.tables where table_schema = database() and table_type = 'SEQUENCE') returned net.sf.log4jdbc.sql.jdbcapi.PreparedStatementSpy@3051e476 
2023:03:27 20:31:20.847 INFO  --- [main] log4jdbc.log4j2 : 1. select table_name from information_schema.tables where table_schema = database() and table_type 
= 'SEQUENCE'  {executed in 9 ms} 
2023:03:27 20:31:20.849 INFO  --- [main] log4jdbc.log4j2 : 1. ResultSet.new ResultSet returned  
2023:03:27 20:31:20.850 INFO  --- [main] log4jdbc.log4j2 : 1. PreparedStatement.executeQuery() returned net.sf.log4jdbc.sql.jdbcapi.ResultSetSpy@44da745f 
2023:03:27 20:31:20.853 INFO  --- [main] log4jdbc.log4j2 : 
|-----------|
|table_name |
|-----------|
|-----------|
 
2023:03:27 20:31:20.854 INFO  --- [main] log4jdbc.log4j2 : 1. ResultSet.next() returned false 
2023:03:27 20:31:20.855 INFO  --- [main] log4jdbc.log4j2 : 1. ResultSet.close() returned void 
2023:03:27 20:31:20.855 INFO  --- [main] log4jdbc.log4j2 : 1. PreparedStatement.close() returned  
2023:03:27 20:31:20.857 INFO  --- [main] log4jdbc.log4j2 : 1. Connection.getMetaData() returned org.mariadb.jdbc.MariaDbDatabaseMetaData@7455204c 
2023:03:27 20:31:20.859 INFO  --- [HikariPool-1 connection adder] log4jdbc.log4j2 : 6. Connection opened. {executed in 31ms}  
2023:03:27 20:31:20.860 INFO  --- [HikariPool-1 connection adder] log4jdbc.log4j2 : 6. Connection.new Connection returned  
2023:03:27 20:31:20.860 INFO  --- [HikariPool-1 connection adder] log4jdbc.log4j2 : 6. Connection.isReadOnly() returned false 
2023:03:27 20:31:20.860 INFO  --- [HikariPool-1 connection adder] log4jdbc.log4j2 : 6. Connection.getAutoCommit() returned true 
2023:03:27 20:31:21.089 INFO  --- [main] log4jdbc.log4j2 : 1. Connection.clearWarnings() returned  
2023:03:27 20:31:21.090 INFO  --- [main] o.h.e.t.j.p.i.JtaPlatformInitiator : HHH000490: Using JtaPlatform implementation: [org.hibernate.engine.transaction.jta.platform.internal.NoJtaPlatform] 
2023:03:27 20:31:21.102 INFO  --- [main] o.s.o.j.LocalContainerEntityManagerFactoryBean : Initialized JPA EntityManagerFactory for persistence unit 'default' 
2023:03:27 20:31:21.105 INFO  --- [HikariPool-1 connection adder] log4jdbc.log4j2 : 7. Connection opened. {executed in 244ms}  
2023:03:27 20:31:21.106 INFO  --- [HikariPool-1 connection adder] log4jdbc.log4j2 : 7. Connection.new Connection returned  
2023:03:27 20:31:21.106 INFO  --- [HikariPool-1 connection adder] log4jdbc.log4j2 : 7. Connection.isReadOnly() returned false 
2023:03:27 20:31:21.106 INFO  --- [HikariPool-1 connection adder] log4jdbc.log4j2 : 7. Connection.getAutoCommit() returned true 
2023:03:27 20:31:21.182 INFO  --- [HikariPool-1 connection adder] log4jdbc.log4j2 : 8. Connection opened. {executed in 76ms}  
2023:03:27 20:31:21.182 INFO  --- [HikariPool-1 connection adder] log4jdbc.log4j2 : 8. Connection.new Connection returned  
2023:03:27 20:31:21.182 INFO  --- [HikariPool-1 connection adder] log4jdbc.log4j2 : 8. Connection.isReadOnly() returned false 
2023:03:27 20:31:21.183 INFO  --- [HikariPool-1 connection adder] log4jdbc.log4j2 : 8. Connection.getAutoCommit() returned true 
2023:03:27 20:31:21.298 INFO  --- [HikariPool-1 connection adder] log4jdbc.log4j2 : 9. Connection opened. {executed in 115ms}  
2023:03:27 20:31:21.301 INFO  --- [HikariPool-1 connection adder] log4jdbc.log4j2 : 9. Connection.new Connection returned  
2023:03:27 20:31:21.301 INFO  --- [HikariPool-1 connection adder] log4jdbc.log4j2 : 9. Connection.isReadOnly() returned false 
2023:03:27 20:31:21.302 INFO  --- [HikariPool-1 connection adder] log4jdbc.log4j2 : 9. Connection.getAutoCommit() returned true 
2023:03:27 20:31:21.447 INFO  --- [HikariPool-1 connection adder] log4jdbc.log4j2 : 10. Connection opened. {executed in 144ms}  
2023:03:27 20:31:21.448 INFO  --- [HikariPool-1 connection adder] log4jdbc.log4j2 : 10. Connection.new Connection returned  
2023:03:27 20:31:21.448 INFO  --- [HikariPool-1 connection adder] log4jdbc.log4j2 : 10. Connection.isReadOnly() returned false 
2023:03:27 20:31:21.448 INFO  --- [HikariPool-1 connection adder] log4jdbc.log4j2 : 10. Connection.getAutoCommit() returned true 
2023:03:27 20:31:22.529 INFO  --- [main] o.s.b.w.e.tomcat.TomcatWebServer : Tomcat started on port(s): 8888 (http) with context path '' 
2023:03:27 20:31:22.541 INFO  --- [main] c.s.b.s.SpringbootApplication : Started SpringbootApplication in 6.888 seconds (JVM running for 7.66) 
2023:03:27 20:31:26.342 INFO  --- [http-nio-8888-exec-1] o.a.c.c.C.[Tomcat].[localhost].[/] : Initializing Spring DispatcherServlet 'dispatcherServlet' 
2023:03:27 20:31:26.347 INFO  --- [http-nio-8888-exec-1] o.s.web.servlet.DispatcherServlet : Initializing Servlet 'dispatcherServlet' 
2023:03:27 20:31:26.349 INFO  --- [http-nio-8888-exec-1] o.s.web.servlet.DispatcherServlet : Completed initialization in 1 ms 
2023:03:27 20:31:26.385 INFO  --- [http-nio-8888-exec-1] c.s.b.s.logging.LoggingController : info log = spring boot logging test 
2023:03:27 20:31:26.386 WARN  --- [http-nio-8888-exec-1] c.s.b.s.logging.LoggingController : warn log = spring boot logging test 
2023:03:27 20:31:26.386 ERROR --- [http-nio-8888-exec-1] c.s.b.s.logging.LoggingController : error log = spring boot logging test 
2023:03:27 20:31:26.726 INFO  --- [http-nio-8888-exec-1] log4jdbc.log4j2 : 1. Connection.isValid(5) returned true 
2023:03:27 20:31:26.732 INFO  --- [http-nio-8888-exec-1] log4jdbc.log4j2 : 1. Connection.setReadOnly(true) returned  
2023:03:27 20:31:26.743 INFO  --- [http-nio-8888-exec-1] log4jdbc.log4j2 : 1. Connection.getAutoCommit() returned true 
2023:03:27 20:31:26.761 INFO  --- [http-nio-8888-exec-1] log4jdbc.log4j2 : 1. Connection.setAutoCommit(false) returned  
2023:03:27 20:31:26.851 INFO  --- [http-nio-8888-exec-1] log4jdbc.log4j2 : 1. PreparedStatement.new PreparedStatement returned  
2023:03:27 20:31:26.851 INFO  --- [http-nio-8888-exec-1] log4jdbc.log4j2 : 1. Connection.prepareStatement(select member0_.id as id1_0_, member0_.age as age2_0_, member0_.crt_by as crt_by3_0_, member0_.crt_dt as crt_dt4_0_, member0_.del_yn as del_yn5_0_, member0_.name as name6_0_ from member member0_) returned net.sf.log4jdbc.sql.jdbcapi.PreparedStatementSpy@5ea3cad2 
2023:03:27 20:31:26.868 INFO  --- [http-nio-8888-exec-1] log4jdbc.log4j2 : 1. select member0_.id as id1_0_, member0_.age as age2_0_, member0_.crt_by as crt_by3_0_, member0_.crt_dt 
as crt_dt4_0_, member0_.del_yn as del_yn5_0_, member0_.name as name6_0_ from member member0_  {executed in 16 ms} 
2023:03:27 20:31:26.868 INFO  --- [http-nio-8888-exec-1] log4jdbc.log4j2 : 1. ResultSet.new ResultSet returned  
2023:03:27 20:31:26.868 INFO  --- [http-nio-8888-exec-1] log4jdbc.log4j2 : 1. PreparedStatement.executeQuery() returned net.sf.log4jdbc.sql.jdbcapi.ResultSetSpy@17352a2 
2023:03:27 20:31:26.869 INFO  --- [http-nio-8888-exec-1] log4jdbc.log4j2 : 1. ResultSet.next() returned true 
2023:03:27 20:31:26.869 INFO  --- [http-nio-8888-exec-1] log4jdbc.log4j2 : 1. ResultSet.getInt(id1_0_) returned 1 
2023:03:27 20:31:26.869 INFO  --- [http-nio-8888-exec-1] log4jdbc.log4j2 : 1. ResultSet.wasNull() returned false 
2023:03:27 20:31:26.872 INFO  --- [http-nio-8888-exec-1] log4jdbc.log4j2 : 1. ResultSet.getInt(age2_0_) returned 28 
2023:03:27 20:31:26.872 INFO  --- [http-nio-8888-exec-1] log4jdbc.log4j2 : 1. ResultSet.wasNull() returned false 
2023:03:27 20:31:26.872 INFO  --- [http-nio-8888-exec-1] log4jdbc.log4j2 : 1. ResultSet.getInt(crt_by3_0_) returned 1 
2023:03:27 20:31:26.872 INFO  --- [http-nio-8888-exec-1] log4jdbc.log4j2 : 1. ResultSet.wasNull() returned false 
2023:03:27 20:31:26.873 INFO  --- [http-nio-8888-exec-1] log4jdbc.log4j2 : 1. ResultSet.getTimestamp(crt_dt4_0_) returned 2023-03-07 23:04:53.0 
2023:03:27 20:31:26.873 INFO  --- [http-nio-8888-exec-1] log4jdbc.log4j2 : 1. ResultSet.wasNull() returned false 
2023:03:27 20:31:26.873 INFO  --- [http-nio-8888-exec-1] log4jdbc.log4j2 : 1. ResultSet.getString(del_yn5_0_) returned N 
2023:03:27 20:31:26.873 INFO  --- [http-nio-8888-exec-1] log4jdbc.log4j2 : 1. ResultSet.wasNull() returned false 
2023:03:27 20:31:26.873 INFO  --- [http-nio-8888-exec-1] log4jdbc.log4j2 : 1. ResultSet.getString(name6_0_) returned 스팀다리미 
2023:03:27 20:31:26.874 INFO  --- [http-nio-8888-exec-1] log4jdbc.log4j2 : 1. ResultSet.wasNull() returned false 
2023:03:27 20:31:26.875 INFO  --- [http-nio-8888-exec-1] log4jdbc.log4j2 : 
|---|----|-------|----------------------|-------|------|
|id |age |crt_by |crt_dt                |del_yn |name  |
|---|----|-------|----------------------|-------|------|
|1  |28  |1      |2023-03-07 23:04:53.0 |N      |스팀다리미 |
|---|----|-------|----------------------|-------|------|
 
2023:03:27 20:31:26.875 INFO  --- [http-nio-8888-exec-1] log4jdbc.log4j2 : 1. ResultSet.next() returned false 
2023:03:27 20:31:26.877 INFO  --- [http-nio-8888-exec-1] log4jdbc.log4j2 : 1. ResultSet.close() returned void 
2023:03:27 20:31:26.877 INFO  --- [http-nio-8888-exec-1] log4jdbc.log4j2 : 1. PreparedStatement.getMaxRows() returned 0 
2023:03:27 20:31:26.877 INFO  --- [http-nio-8888-exec-1] log4jdbc.log4j2 : 1. PreparedStatement.getQueryTimeout() returned 0 
2023:03:27 20:31:26.877 INFO  --- [http-nio-8888-exec-1] log4jdbc.log4j2 : 1. PreparedStatement.close() returned  
2023:03:27 20:31:26.920 INFO  --- [http-nio-8888-exec-1] log4jdbc.log4j2 : 1. Connection.commit() returned  
2023:03:27 20:31:26.939 INFO  --- [http-nio-8888-exec-1] log4jdbc.log4j2 : 1. Connection.setAutoCommit(true) returned  
2023:03:27 20:31:26.939 INFO  --- [http-nio-8888-exec-1] log4jdbc.log4j2 : 1. Connection.setReadOnly(false) returned  
2023:03:27 20:31:26.939 INFO  --- [http-nio-8888-exec-1] log4jdbc.log4j2 : 1. Connection.clearWarnings() returned  
2023:03:27 20:31:26.939 INFO  --- [http-nio-8888-exec-1] log4jdbc.log4j2 : 1. Connection.clearWarnings() returned  
2023:03:27 20:31:27.014 ERROR --- [http-nio-8888-exec-2] c.s.b.s.e.c.CustomErrorController : error 
2023:03:27 20:33:28.527 INFO  --- [SpringApplicationShutdownHook] o.s.o.j.LocalContainerEntityManagerFactoryBean : Closing JPA EntityManagerFactory for persistence unit 'default' 
2023:03:27 20:33:28.530 INFO  --- [SpringApplicationShutdownHook] com.zaxxer.hikari.HikariDataSource : HikariPool-1 - Shutdown initiated... 
2023:03:27 20:33:28.538 INFO  --- [HikariPool-1 connection closer] log4jdbc.log4j2 : 1. Connection closed. {executed in 6ms}  
2023:03:27 20:33:28.538 INFO  --- [HikariPool-1 connection closer] log4jdbc.log4j2 : 1. Connection.close() returned  
2023:03:27 20:33:28.542 INFO  --- [HikariPool-1 connection closer] log4jdbc.log4j2 : 2. Connection closed. {executed in 4ms}  
2023:03:27 20:33:28.545 INFO  --- [HikariPool-1 connection closer] log4jdbc.log4j2 : 2. Connection.close() returned  
2023:03:27 20:33:28.550 INFO  --- [HikariPool-1 connection closer] log4jdbc.log4j2 : 3. Connection closed. {executed in 5ms}  
2023:03:27 20:33:28.553 INFO  --- [HikariPool-1 connection closer] log4jdbc.log4j2 : 3. Connection.close() returned  
2023:03:27 20:33:28.558 INFO  --- [HikariPool-1 connection closer] log4jdbc.log4j2 : 4. Connection closed. {executed in 5ms}  
2023:03:27 20:33:28.558 INFO  --- [HikariPool-1 connection closer] log4jdbc.log4j2 : 4. Connection.close() returned  
2023:03:27 20:33:28.562 INFO  --- [HikariPool-1 connection closer] log4jdbc.log4j2 : 5. Connection closed. {executed in 4ms}  
2023:03:27 20:33:28.562 INFO  --- [HikariPool-1 connection closer] log4jdbc.log4j2 : 5. Connection.close() returned  
2023:03:27 20:33:28.567 INFO  --- [HikariPool-1 connection closer] log4jdbc.log4j2 : 6. Connection closed. {executed in 5ms}  
2023:03:27 20:33:28.567 INFO  --- [HikariPool-1 connection closer] log4jdbc.log4j2 : 6. Connection.close() returned  
2023:03:27 20:33:28.571 INFO  --- [HikariPool-1 connection closer] log4jdbc.log4j2 : 7. Connection closed. {executed in 4ms}  
2023:03:27 20:33:28.571 INFO  --- [HikariPool-1 connection closer] log4jdbc.log4j2 : 7. Connection.close() returned  
2023:03:27 20:33:28.576 INFO  --- [HikariPool-1 connection closer] log4jdbc.log4j2 : 8. Connection closed. {executed in 5ms}  
2023:03:27 20:33:28.576 INFO  --- [HikariPool-1 connection closer] log4jdbc.log4j2 : 8. Connection.close() returned  
2023:03:27 20:33:28.580 INFO  --- [HikariPool-1 connection closer] log4jdbc.log4j2 : 9. Connection closed. {executed in 4ms}  
2023:03:27 20:33:28.580 INFO  --- [HikariPool-1 connection closer] log4jdbc.log4j2 : 9. Connection.close() returned  
2023:03:27 20:33:28.585 INFO  --- [HikariPool-1 connection closer] log4jdbc.log4j2 : 10. Connection closed. {executed in 4ms}  
2023:03:27 20:33:28.585 INFO  --- [HikariPool-1 connection closer] log4jdbc.log4j2 : 10. Connection.close() returned  
2023:03:27 20:33:28.585 INFO  --- [SpringApplicationShutdownHook] com.zaxxer.hikari.HikariDataSource : HikariPool-1 - Shutdown completed. 
2023:03:27 20:33:43.386 WARN  --- [http-nio-8888-exec-1] c.s.b.s.logging.LoggingController : warn log = spring boot logging test 
2023:03:27 20:33:43.386 ERROR --- [http-nio-8888-exec-1] c.s.b.s.logging.LoggingController : error log = spring boot logging test 
2023:03:27 20:33:43.864 ERROR --- [http-nio-8888-exec-2] c.s.b.s.e.c.CustomErrorController : error 
2023:03:27 20:33:44.611 WARN  --- [http-nio-8888-exec-3] c.s.b.s.logging.LoggingController : warn log = spring boot logging test 
2023:03:27 20:33:44.612 ERROR --- [http-nio-8888-exec-3] c.s.b.s.logging.LoggingController : error log = spring boot logging test 
2023:03:27 20:33:45.149 ERROR --- [http-nio-8888-exec-4] c.s.b.s.e.c.CustomErrorController : error 
2023:03:27 20:37:02.352 ERROR --- [http-nio-8888-exec-1] c.s.b.s.logging.LoggingController : error log = spring boot logging test 
2023:03:27 20:37:02.534 ERROR --- [http-nio-8888-exec-3] c.s.b.s.e.c.CustomErrorController : error 
2023:03:27 20:38:16.040 ERROR --- [http-nio-8888-exec-1] c.s.b.s.logging.LoggingController : error log = spring boot logging test 
2023:03:27 20:38:16.447 ERROR --- [http-nio-8888-exec-2] c.s.b.s.e.c.CustomErrorController : error 
